<?xml version="1.0" encoding="UTF-8"?>
<testng-results skipped="0" failed="0" total="1" passed="1">
  <reporter-output>
  </reporter-output>
  <suite name="Default suite" duration-ms="18347" started-at="2017-01-12T13:59:22Z" finished-at="2017-01-12T13:59:41Z">
    <groups>
    </groups>
    <test name="Default test" duration-ms="18347" started-at="2017-01-12T13:59:22Z" finished-at="2017-01-12T13:59:41Z">
      <class name="automatedTests.NewStrategicObjAndIndicatorsTest">
        <test-method status="PASS" signature="initializeDriverSetup(java.lang.String, java.lang.String)[pri:0, instance:automatedTests.NewStrategicObjAndIndicatorsTest@5e5792a0]" name="initializeDriverSetup" is-config="true" duration-ms="6219" started-at="2017-01-12T10:59:22Z" finished-at="2017-01-12T10:59:29Z">
          <params>
            <param index="0">
              <value>
                <![CDATA[chrome]]>
              </value>
            </param>
            <param index="1">
              <value>
                <![CDATA[http://pbarel.hexacta.com/]]>
              </value>
            </param>
          </params>
          <reporter-output>
          </reporter-output>
        </test-method> <!-- initializeDriverSetup -->
        <test-method status="PASS" signature="setUp()[pri:0, instance:automatedTests.NewStrategicObjAndIndicatorsTest@5e5792a0]" name="setUp" is-config="true" duration-ms="0" started-at="2017-01-12T10:59:29Z" finished-at="2017-01-12T10:59:29Z">
          <reporter-output>
          </reporter-output>
        </test-method> <!-- setUp -->
        <test-method status="PASS" signature="CreateNewStrategicObjandInd()[pri:0, instance:automatedTests.NewStrategicObjAndIndicatorsTest@5e5792a0]" name="CreateNewStrategicObjandInd" duration-ms="12099" started-at="2017-01-12T10:59:29Z" description="Crear nuevo Objetivo Estratégico" finished-at="2017-01-12T10:59:41Z">
          <reporter-output>
          </reporter-output>
        </test-method> <!-- CreateNewStrategicObjandInd -->
        <test-method status="PASS" signature="afterClass()[pri:0, instance:automatedTests.NewStrategicObjAndIndicatorsTest@5e5792a0]" name="afterClass" is-config="true" duration-ms="1" started-at="2017-01-12T10:59:41Z" finished-at="2017-01-12T10:59:41Z">
          <reporter-output>
          </reporter-output>
        </test-method> <!-- afterClass -->
        <test-method status="PASS" signature="tearDown()[pri:0, instance:automatedTests.NewStrategicObjAndIndicatorsTest@5e5792a0]" name="tearDown" is-config="true" duration-ms="0" started-at="2017-01-12T10:59:41Z" finished-at="2017-01-12T10:59:41Z">
          <reporter-output>
          </reporter-output>
        </test-method> <!-- tearDown -->
      </class> <!-- automatedTests.NewStrategicObjAndIndicatorsTest -->
    </test> <!-- Default test -->
  </suite> <!-- Default suite -->
</testng-results>
