<?xml version="1.0" encoding="UTF-8"?>
<testng-results skipped="0" failed="0" total="1" passed="1">
  <reporter-output>
  </reporter-output>
  <suite name="Default suite" duration-ms="31064" started-at="2017-01-13T18:24:18Z" finished-at="2017-01-13T18:24:49Z">
    <groups>
    </groups>
    <test name="Default test" duration-ms="31064" started-at="2017-01-13T18:24:18Z" finished-at="2017-01-13T18:24:49Z">
      <class name="automatedTests.NewOperativeObjTest">
        <test-method status="PASS" signature="initializeDriverSetup(java.lang.String, java.lang.String)[pri:0, instance:automatedTests.NewOperativeObjTest@47c62251]" name="initializeDriverSetup" is-config="true" duration-ms="9750" started-at="2017-01-13T15:24:18Z" finished-at="2017-01-13T15:24:27Z">
          <params>
            <param index="0">
              <value>
                <![CDATA[chrome]]>
              </value>
            </param>
            <param index="1">
              <value>
                <![CDATA[http://pbarel.hexacta.com/]]>
              </value>
            </param>
          </params>
          <reporter-output>
          </reporter-output>
        </test-method> <!-- initializeDriverSetup -->
        <test-method status="PASS" signature="setUp()[pri:0, instance:automatedTests.NewOperativeObjTest@47c62251]" name="setUp" is-config="true" duration-ms="1" started-at="2017-01-13T15:24:27Z" finished-at="2017-01-13T15:24:27Z">
          <reporter-output>
          </reporter-output>
        </test-method> <!-- setUp -->
        <test-method status="PASS" signature="CreateNewObjOp()[pri:0, instance:automatedTests.NewOperativeObjTest@47c62251]" name="CreateNewObjOp" duration-ms="19637" started-at="2017-01-13T15:24:28Z" description="Crear nuevo Objetivo Operativo" finished-at="2017-01-13T15:24:47Z">
          <reporter-output>
          </reporter-output>
        </test-method> <!-- CreateNewObjOp -->
        <test-method status="PASS" signature="afterClass()[pri:0, instance:automatedTests.NewOperativeObjTest@47c62251]" name="afterClass" is-config="true" duration-ms="1650" started-at="2017-01-13T15:24:47Z" finished-at="2017-01-13T15:24:49Z">
          <reporter-output>
          </reporter-output>
        </test-method> <!-- afterClass -->
        <test-method status="PASS" signature="tearDown()[pri:0, instance:automatedTests.NewOperativeObjTest@47c62251]" name="tearDown" is-config="true" duration-ms="0" started-at="2017-01-13T15:24:49Z" finished-at="2017-01-13T15:24:49Z">
          <reporter-output>
          </reporter-output>
        </test-method> <!-- tearDown -->
      </class> <!-- automatedTests.NewOperativeObjTest -->
    </test> <!-- Default test -->
  </suite> <!-- Default suite -->
</testng-results>
